<testsuite name="new-test-suite" time="1.116" failures="0" errors="0" skipped="0" tests="1">
  <properties>
    <property key="java.runtime.name" value="Java(TM) SE Runtime Environment"/>
    <property key="sun.boot.library.path" value="D:\programs\Java8\jre\bin"/>
    <property key="java.vm.version" value="25.101-b13"/>
    <property key="maven.multiModuleProjectDirectory" value="D:\Mulesoft\workspace\cicdsample"/>
    <property key="java.vm.vendor" value="Oracle Corporation"/>
    <property key="java.vendor.url" value="http://java.oracle.com/"/>
    <property key="guice.disable.misplaced.annotation.check" value="true"/>
    <property key="path.separator" value=";"/>
    <property key="java.vm.name" value="Java HotSpot(TM) 64-Bit Server VM"/>
    <property key="file.encoding.pkg" value="sun.io"/>
    <property key="user.country" value="US"/>
    <property key="user.script" value=""/>
    <property key="sun.java.launcher" value="SUN_STANDARD"/>
    <property key="sun.os.patch.level" value=""/>
    <property key="java.vm.specification.name" value="Java Virtual Machine Specification"/>
    <property key="user.dir" value="D:\Mulesoft\workspace\cicdsample"/>
    <property key="java.runtime.version" value="1.8.0_101-b13"/>
    <property key="java.awt.graphicsenv" value="sun.awt.Win32GraphicsEnvironment"/>
    <property key="java.endorsed.dirs" value="D:\programs\Java8\jre\lib\endorsed"/>
    <property key="os.arch" value="amd64"/>
    <property key="java.io.tmpdir" value="C:\Users\vvick\AppData\Local\Temp\"/>
    <property key="line.separator" value="&#xd;&#xa;"/>
    <property key="java.vm.specification.vendor" value="Oracle Corporation"/>
    <property key="user.variant" value=""/>
    <property key="os.name" value="Windows 10"/>
    <property key="classworlds.conf" value="D:\programs\apache-maven-3.5.3\bin\..\bin\m2.conf"/>
    <property key="sun.jnu.encoding" value="Cp1252"/>
    <property key="java.library.path" value="D:\programs\Java8\bin;C:\WINDOWS\Sun\Java\bin;C:\WINDOWS\system32;C:\WINDOWS;C:\WINDOWS\system32;C:\WINDOWS;C:\WINDOWS\System32\Wbem;C:\WINDOWS\System32\WindowsPowerShell\v1.0\;C:\Program Files (x86)\Skype\Phone\;D:\programs\Java8\jre\bin;D:\programs\putty\;C:\Program Files\SlikSvn\bin;D:\programs\apache-maven-3.5.3\bin;C:\Users\vvick\AppData\Local\Microsoft\WindowsApps;."/>
    <property key="maven.conf" value="D:\programs\apache-maven-3.5.3\bin\../conf"/>
    <property key="java.specification.name" value="Java Platform API Specification"/>
    <property key="java.class.version" value="52.0"/>
    <property key="sun.management.compiler" value="HotSpot 64-Bit Tiered Compilers"/>
    <property key="os.version" value="10.0"/>
    <property key="library.jansi.path" value="D:\programs\apache-maven-3.5.3\bin\..\lib\jansi-native"/>
    <property key="user.home" value="C:\Users\vvick"/>
    <property key="user.timezone" value="America/New_York"/>
    <property key="java.awt.printerjob" value="sun.awt.windows.WPrinterJob"/>
    <property key="file.encoding" value="Cp1252"/>
    <property key="java.specification.version" value="1.8"/>
    <property key="java.class.path" value="D:\programs\apache-maven-3.5.3\bin\..\boot\plexus-classworlds-2.5.2.jar"/>
    <property key="user.name" value="vvick"/>
    <property key="java.vm.specification.version" value="1.8"/>
    <property key="sun.java.command" value="org.codehaus.plexus.classworlds.launcher.Launcher clean package"/>
    <property key="java.home" value="D:\programs\Java8\jre"/>
    <property key="sun.arch.data.model" value="64"/>
    <property key="user.language" value="en"/>
    <property key="java.specification.vendor" value="Oracle Corporation"/>
    <property key="awt.toolkit" value="sun.awt.windows.WToolkit"/>
    <property key="java.vm.info" value="mixed mode"/>
    <property key="java.version" value="1.8.0_101"/>
    <property key="java.ext.dirs" value="D:\programs\Java8\jre\lib\ext;C:\WINDOWS\Sun\Java\lib\ext"/>
    <property key="sun.boot.class.path" value="D:\programs\Java8\jre\lib\resources.jar;D:\programs\Java8\jre\lib\rt.jar;D:\programs\Java8\jre\lib\sunrsasign.jar;D:\programs\Java8\jre\lib\jsse.jar;D:\programs\Java8\jre\lib\jce.jar;D:\programs\Java8\jre\lib\charsets.jar;D:\programs\Java8\jre\lib\jfr.jar;D:\programs\Java8\jre\classes"/>
    <property key="java.vendor" value="Oracle Corporation"/>
    <property key="sun.stderr.encoding" value="cp437"/>
    <property key="maven.home" value="D:\programs\apache-maven-3.5.3\bin\.."/>
    <property key="file.separator" value="\"/>
    <property key="java.vendor.url.bug" value="http://bugreport.sun.com/bugreport/"/>
    <property key="sun.io.unicode.encoding" value="UnicodeLittle"/>
    <property key="sun.cpu.endian" value="little"/>
    <property key="sun.stdout.encoding" value="cp437"/>
    <property key="sun.desktop" value="windows"/>
    <property key="sun.cpu.isalist" value="amd64"/>
    <property key="mule.testingMode" value="true"/>
    <property key="mule.working.dir" value="D:\Mulesoft\workspace\cicdsample\target\.mule"/>
  </properties>
  <testcase time="0.473" name="new-test-suite-cicdsampleFlowTest" classname="new-test-suite"/>
</testsuite>